[2023-07-25 12:30:21] [1] [INFO] 
=========== WebDriver configuration ===========
-------------- Driver capabilities ------------
===============================================

[2023-07-25 12:30:21] [1] [WARN] Reporting disabled: using no op test run registrar
[2023-07-25 12:30:23] [1] [INFO] [TestNG] Running:
  /Users/aizhamalmamatkalilkyzy/Library/Caches/JetBrains/IdeaIC2023.1/temp-testng-customsuite.xml

[2023-07-25 12:30:23] [1] [INFO] Set thread-count=1
[2023-07-25 12:30:23] [1] [INFO] Set data-provider-thread-count=1
[2023-07-25 12:30:23] [1] [INFO] CARINA_CORE_VERSION: 1.1.3
[2023-07-25 12:30:23] [1] [ERROR] TEST [api-testing - testInvalidCountryName] FAILED at [07:30:23 2023-07-25] - 
Parameter 'invalidCountryName' is required by @Test on method testInvalidCountryName but has not been marked @Optional or defined
in /Users/aizhamalmamatkalilkyzy/Library/Caches/JetBrains/IdeaIC2023.1/temp-testng-customsuite.xml

org.testng.internal.Parameters.createParams(Parameters.java:267)
org.testng.internal.Parameters.createParametersForMethod(Parameters.java:355)
org.testng.internal.Parameters.createParameters(Parameters.java:684)
org.testng.internal.Parameters.handleParameters(Parameters.java:879)
org.testng.internal.Parameters.handleParameters(Parameters.java:728)
org.testng.internal.invokers.ParameterHandler.handleParameters(ParameterHandler.java:72)
org.testng.internal.invokers.ParameterHandler.createParameters(ParameterHandler.java:51)
org.testng.internal.invokers.TestInvoker$MethodInvocationAgent.invoke(TestInvoker.java:924)
org.testng.internal.invokers.TestInvoker.invokeTestMethods(TestInvoker.java:194)
org.testng.internal.invokers.TestMethodWorker.invokeTestMethods(TestMethodWorker.java:148)
org.testng.internal.invokers.TestMethodWorker.run(TestMethodWorker.java:128)
java.base/java.util.ArrayList.forEach(ArrayList.java:1541)
org.testng.TestRunner.privateRun(TestRunner.java:829)
org.testng.TestRunner.run(TestRunner.java:602)
org.testng.SuiteRunner.runTest(SuiteRunner.java:437)
org.testng.SuiteRunner.runSequentially(SuiteRunner.java:431)
org.testng.SuiteRunner.privateRun(SuiteRunner.java:391)
org.testng.SuiteRunner.run(SuiteRunner.java:330)
org.testng.SuiteRunnerWorker.runSuite(SuiteRunnerWorker.java:52)
org.testng.SuiteRunnerWorker.run(SuiteRunnerWorker.java:95)
org.testng.TestNG.runSuitesSequentially(TestNG.java:1256)
org.testng.TestNG.runSuitesLocally(TestNG.java:1176)
org.testng.TestNG.runSuites(TestNG.java:1099)
org.testng.TestNG.run(TestNG.java:1067)
com.intellij.rt.testng.IDEARemoteTestNG.run(IDEARemoteTestNG.java:66)
com.intellij.rt.testng.RemoteTestNGStarter.main(RemoteTestNGStarter.java:105)
[2023-07-25 12:30:23] [1] [INFO] INFO: '**************** Test execution summary ****************'.
[2023-07-25 12:30:23] [1] [INFO] RESULT #1: TEST [api-testing - testInvalidCountryName] FAIL [log=file:///Users/aizhamalmamatkalilkyzy/IdeaProjects/api-testing/./reports/1690288221087/1690288221087/test.log]
