[2023-08-08 02:34:19] [1] [WARN] Reporting disabled: using no op test run registrar
[2023-08-08 02:34:19] [1] [INFO] TEST [api-testing - testSearchItem] STARTED at [09:34:19 2023-08-08]
[2023-08-08 02:34:19] [1] [INFO] Starting driver session...
[2023-08-08 02:34:21] [1] [INFO] Driver session started.
[2023-08-08 02:34:21] [1] [INFO] INFO: opening url 'https://www.etsy.com/?ref=lgo'
[2023-08-08 02:34:23] [1] [INFO] PASS: element 'searchBox' is clicked.
[2023-08-08 02:34:24] [1] [INFO] PASS: keys 'candle' are sent to element 'searchBox'.
[2023-08-08 02:34:28] [1] [INFO] PASS: element 'searchBtn' is clicked.
[2023-08-08 02:34:30] [1] [INFO] PASS: element 'mostLoved' is clicked.
[2023-08-08 02:34:33] [1] [INFO] PASS: element 'addToCartBtn' is clicked.
[2023-08-08 02:34:35] [1] [ERROR] TEST [api-testing - testSearchItem] FAILED at [09:34:35 2023-08-08] - expected [1 item in your cart] but found []

org.testng.Assert.fail(Assert.java:110)
org.testng.Assert.failNotEquals(Assert.java:1577)
org.testng.Assert.assertEqualsImpl(Assert.java:149)
org.testng.Assert.assertEquals(Assert.java:131)
org.testng.Assert.assertEquals(Assert.java:655)
org.testng.Assert.assertEquals(Assert.java:665)
com.solvd.gui.etsy.WebTest.testSearchItem(WebTest.java:77)
java.base/jdk.internal.reflect.NativeMethodAccessorImpl.invoke0(Native Method)
java.base/jdk.internal.reflect.NativeMethodAccessorImpl.invoke(NativeMethodAccessorImpl.java:62)
java.base/jdk.internal.reflect.DelegatingMethodAccessorImpl.invoke(DelegatingMethodAccessorImpl.java:43)
java.base/java.lang.reflect.Method.invoke(Method.java:566)
org.testng.internal.invokers.MethodInvocationHelper.invokeMethod(MethodInvocationHelper.java:139)
org.testng.internal.invokers.TestInvoker.invokeMethod(TestInvoker.java:677)
org.testng.internal.invokers.TestInvoker.invokeTestMethod(TestInvoker.java:221)
org.testng.internal.invokers.MethodRunner.runInSequence(MethodRunner.java:50)
org.testng.internal.invokers.TestInvoker$MethodInvocationAgent.invoke(TestInvoker.java:969)
org.testng.internal.invokers.TestInvoker.invokeTestMethods(TestInvoker.java:194)
org.testng.internal.invokers.TestMethodWorker.invokeTestMethods(TestMethodWorker.java:148)
org.testng.internal.invokers.TestMethodWorker.run(TestMethodWorker.java:128)
java.base/java.util.ArrayList.forEach(ArrayList.java:1541)
org.testng.TestRunner.privateRun(TestRunner.java:829)
org.testng.TestRunner.run(TestRunner.java:602)
org.testng.SuiteRunner.runTest(SuiteRunner.java:437)
org.testng.SuiteRunner.runSequentially(SuiteRunner.java:431)
org.testng.SuiteRunner.privateRun(SuiteRunner.java:391)
org.testng.SuiteRunner.run(SuiteRunner.java:330)
org.testng.SuiteRunnerWorker.runSuite(SuiteRunnerWorker.java:52)
org.testng.SuiteRunnerWorker.run(SuiteRunnerWorker.java:95)
org.testng.TestNG.runSuitesSequentially(TestNG.java:1256)
org.testng.TestNG.runSuitesLocally(TestNG.java:1176)
org.testng.TestNG.runSuites(TestNG.java:1099)
org.testng.TestNG.run(TestNG.java:1067)
com.intellij.rt.testng.IDEARemoteTestNG.run(IDEARemoteTestNG.java:66)
com.intellij.rt.testng.RemoteTestNGStarter.main(RemoteTestNGStarter.java:105)
