[2023-08-03 10:08:50] [1] [INFO] 
============= Basic configuration =============
env=WEB
=========== Encryptor configuration ===========
crypto_key_value=*****
=========== WebDriver configuration ===========
url=https://www.etsy.com/?ref=lgo
selenium_url=http://localhost:4444/wd/hub
auto_screenshot=true
localization_encoding=UTF-8
language=en_US
-------------- Driver capabilities ------------
browserVersion=115.0.5790.170
browserName=chrome
===============================================

[2023-08-03 10:08:50] [1] [WARN] Reporting disabled: using no op test run registrar
[2023-08-03 10:08:53] [1] [INFO] [TestNG] Running:
  /Users/aizhamalmamatkalilkyzy/Library/Caches/JetBrains/IdeaIC2023.1/temp-testng-customsuite.xml

[2023-08-03 10:08:53] [1] [INFO] Set thread-count=1
[2023-08-03 10:08:53] [1] [INFO] Set data-provider-thread-count=1
[2023-08-03 10:08:53] [1] [INFO] CARINA_CORE_VERSION: 1.1.4
[2023-08-03 10:08:53] [1] [ERROR] TEST [api-testing - validateSocialMediaTexts] FAILED at [05:08:53 2023-08-03] - 
Cannot inject @Test annotated Method [validateSocialMediaTexts] with [class java.lang.String, class java.lang.String, class java.lang.String, class java.lang.String, class java.lang.String].
For more information on native dependency injection please refer to https://testng.org/doc/documentation-main.html#native-dependency-injection

org.testng.internal.Parameters.checkParameterTypes(Parameters.java:436)
org.testng.internal.Parameters.createParametersForMethod(Parameters.java:350)
org.testng.internal.Parameters.createParameters(Parameters.java:693)
org.testng.internal.Parameters.handleParameters(Parameters.java:879)
org.testng.internal.Parameters.handleParameters(Parameters.java:728)
org.testng.internal.invokers.ParameterHandler.handleParameters(ParameterHandler.java:72)
org.testng.internal.invokers.ParameterHandler.createParameters(ParameterHandler.java:51)
org.testng.internal.invokers.TestInvoker$MethodInvocationAgent.invoke(TestInvoker.java:924)
org.testng.internal.invokers.TestInvoker.invokeTestMethods(TestInvoker.java:194)
org.testng.internal.invokers.TestMethodWorker.invokeTestMethods(TestMethodWorker.java:148)
org.testng.internal.invokers.TestMethodWorker.run(TestMethodWorker.java:128)
java.base/java.util.ArrayList.forEach(ArrayList.java:1541)
org.testng.TestRunner.privateRun(TestRunner.java:829)
org.testng.TestRunner.run(TestRunner.java:602)
org.testng.SuiteRunner.runTest(SuiteRunner.java:437)
org.testng.SuiteRunner.runSequentially(SuiteRunner.java:431)
org.testng.SuiteRunner.privateRun(SuiteRunner.java:391)
org.testng.SuiteRunner.run(SuiteRunner.java:330)
org.testng.SuiteRunnerWorker.runSuite(SuiteRunnerWorker.java:52)
org.testng.SuiteRunnerWorker.run(SuiteRunnerWorker.java:95)
org.testng.TestNG.runSuitesSequentially(TestNG.java:1256)
org.testng.TestNG.runSuitesLocally(TestNG.java:1176)
org.testng.TestNG.runSuites(TestNG.java:1099)
org.testng.TestNG.run(TestNG.java:1067)
com.intellij.rt.testng.IDEARemoteTestNG.run(IDEARemoteTestNG.java:66)
com.intellij.rt.testng.RemoteTestNGStarter.main(RemoteTestNGStarter.java:105)
[2023-08-03 10:08:53] [1] [INFO] INFO: '**************** Test execution summary ****************'.
[2023-08-03 10:08:53] [1] [INFO] RESULT #1: TEST [api-testing - validateSocialMediaTexts] FAIL [log=file:///Users/aizhamalmamatkalilkyzy/IdeaProjects/api-testing/./reports/1691057330647/1691057330647/test.log]
